<?xml version="1.0" encoding="UTF-8"?>
<!-- Generated by org.testng.reporters.JUnitXMLReporter -->
<testsuite ignored="0" hostname="LAPTOP-LKS7L590" failures="0" tests="4" name="Default test" time="41.085" errors="0" timestamp="2022-03-05T17:24:20 IST">
  <testcase classname="logInTestCases.Login" name="loginWithBothCorrect" time="12.641"/>
  <testcase classname="logInTestCases.Login" name="loginWithBothCorrect" time="8.614"/>
  <testcase classname="logInTestCases.Login" name="loginWithBothCorrect" time="11.46"/>
  <testcase classname="logInTestCases.Login" name="loginWithBothCorrect" time="8.296"/>
</testsuite> <!-- Default test -->
