<?xml version="1.0" encoding="UTF-8"?>
<testng-results ignored="0" total="4" passed="4" failed="0" skipped="0">
  <reporter-output>
  </reporter-output>
  <suite started-at="2022-03-05T17:23:39 IST" name="Default suite" finished-at="2022-03-05T17:24:20 IST" duration-ms="41085">
    <groups>
    </groups>
    <test started-at="2022-03-05T17:23:39 IST" name="Default test" finished-at="2022-03-05T17:24:20 IST" duration-ms="41085">
      <class name="logInTestCases.Login">
        <test-method signature="loginWithBothCorrect(java.lang.String,java.lang.String)[pri:0, instance:logInTestCases.Login@6ac13091]" started-at="2022-03-05T17:23:39 IST" name="loginWithBothCorrect" data-provider="loginData" finished-at="2022-03-05T17:23:52 IST" duration-ms="12641" status="PASS">
          <params>
            <param index="0">
              <value>
                <![CDATA[Admin]]>
              </value>
            </param>
            <param index="1">
              <value>
                <![CDATA[admin123]]>
              </value>
            </param>
          </params>
          <reporter-output>
          </reporter-output>
        </test-method> <!-- loginWithBothCorrect -->
        <test-method signature="loginWithBothCorrect(java.lang.String,java.lang.String)[pri:0, instance:logInTestCases.Login@6ac13091]" started-at="2022-03-05T17:23:52 IST" name="loginWithBothCorrect" data-provider="loginData" finished-at="2022-03-05T17:24:01 IST" duration-ms="8614" status="PASS">
          <params>
            <param index="0">
              <value>
                <![CDATA[admin]]>
              </value>
            </param>
            <param index="1">
              <value>
                <![CDATA[dummy]]>
              </value>
            </param>
          </params>
          <reporter-output>
          </reporter-output>
        </test-method> <!-- loginWithBothCorrect -->
        <test-method signature="loginWithBothCorrect(java.lang.String,java.lang.String)[pri:0, instance:logInTestCases.Login@6ac13091]" started-at="2022-03-05T17:24:01 IST" name="loginWithBothCorrect" data-provider="loginData" finished-at="2022-03-05T17:24:12 IST" duration-ms="11460" status="PASS">
          <params>
            <param index="0">
              <value>
                <![CDATA[admin]]>
              </value>
            </param>
            <param index="1">
              <value>
                <![CDATA[admin123]]>
              </value>
            </param>
          </params>
          <reporter-output>
          </reporter-output>
        </test-method> <!-- loginWithBothCorrect -->
        <test-method signature="loginWithBothCorrect(java.lang.String,java.lang.String)[pri:0, instance:logInTestCases.Login@6ac13091]" started-at="2022-03-05T17:24:12 IST" name="loginWithBothCorrect" data-provider="loginData" finished-at="2022-03-05T17:24:20 IST" duration-ms="8296" status="PASS">
          <params>
            <param index="0">
              <value>
                <![CDATA[Admin]]>
              </value>
            </param>
            <param index="1">
              <value>
                <![CDATA[dummy]]>
              </value>
            </param>
          </params>
          <reporter-output>
          </reporter-output>
        </test-method> <!-- loginWithBothCorrect -->
      </class> <!-- logInTestCases.Login -->
    </test> <!-- Default test -->
  </suite> <!-- Default suite -->
</testng-results>
