<?xml version="1.0" encoding="UTF-8"?>
<!-- Generated by org.testng.reporters.JUnitXMLReporter -->
<testsuite ignored="0" hostname="LAPTOP-LKS7L590" failures="0" tests="4" name="Login Test cases" time="37.849" errors="0" timestamp="2022-03-05T15:29:59 IST">
  <testcase classname="logInTestCases.BothCorrect" name="loginWithBothCorrect" time="12.161"/>
  <testcase classname="logInTestCases.BothIncorrect" name="loginWithBothIncorrect" time="9.522"/>
  <testcase classname="logInTestCases.CorrectPassword" name="loginWithCorrectPassword" time="7.589"/>
  <testcase classname="logInTestCases.CorrectUsername" name="loginWithCorrectUsername" time="8.507"/>
</testsuite> <!-- Login Test cases -->
